0 info it worked if it ends with ok
1 verbose cli [ 'D:\\Program Files\\nodejs\\node.exe',
1 verbose cli   'D:\\Program Files\\nodejs\\node_modules\\npm\\bin\\npm-cli.js',
1 verbose cli   'run',
1 verbose cli   'build' ]
2 info using npm@3.10.10
3 info using node@v6.10.1
4 verbose run-script [ 'prebuild', 'build', 'postbuild' ]
5 info lifecycle webpack-demo2@1.0.0~prebuild: webpack-demo2@1.0.0
6 silly lifecycle webpack-demo2@1.0.0~prebuild: no script for prebuild, continuing
7 info lifecycle webpack-demo2@1.0.0~build: webpack-demo2@1.0.0
8 verbose lifecycle webpack-demo2@1.0.0~build: unsafe-perm in lifecycle true
9 verbose lifecycle webpack-demo2@1.0.0~build: PATH: D:\Program Files\nodejs\node_modules\npm\bin\node-gyp-bin;D:\front _end_explore\webpack-demo2\node_modules\.bin;C:\ProgramData\Oracle\Java\javapath;D:\Program Files (x86)\Python36-32\Scripts\;D:\Program Files (x86)\Python36-32\;C:\Program Files (x86)\Intel\iCLS Client\;C:\Program Files\Intel\iCLS Client\;C:\Windows\system32;C:\Windows;C:\Windows\System32\Wbem;C:\Windows\System32\WindowsPowerShell\v1.0\;C:\Program Files (x86)\Common Files\lenovo\easyplussdk\bin;C:\Program Files (x86)\NVIDIA Corporation\PhysX\Common;C:\Program Files (x86)\Intel\Intel(R) Management Engine Components\DAL;C:\Program Files\Intel\Intel(R) Management Engine Components\DAL;C:\Program Files (x86)\Intel\Intel(R) Management Engine Components\IPT;C:\Program Files\Intel\Intel(R) Management Engine Components\IPT;D:\Program Files\nodejs\;D:\Program Files\wkhtmltopdf\bin;D:\Program Files\Java\jre1.8.0_121\bin;C:\Program Files\Microsoft SQL Server\130\Tools\Binn\;C:\Program Files\dotnet\;C:\Program Files\Git\cmd;C:\Program Files\Intel\WiFi\bin\;C:\Program Files\Common Files\Intel\WirelessCommon\;C:\Users\lenovo\AppData\Roaming\npm
10 verbose lifecycle webpack-demo2@1.0.0~build: CWD: D:\front _end_explore\webpack-demo2
11 silly lifecycle webpack-demo2@1.0.0~build: Args: [ '/d /s /c', 'webpack --config webpack.config.js -p' ]
12 silly lifecycle webpack-demo2@1.0.0~build: Returned: code: 1  signal: null
13 info lifecycle webpack-demo2@1.0.0~build: Failed to exec build script
14 verbose stack Error: webpack-demo2@1.0.0 build: `webpack --config webpack.config.js -p`
14 verbose stack Exit status 1
14 verbose stack     at EventEmitter.<anonymous> (D:\Program Files\nodejs\node_modules\npm\lib\utils\lifecycle.js:255:16)
14 verbose stack     at emitTwo (events.js:106:13)
14 verbose stack     at EventEmitter.emit (events.js:191:7)
14 verbose stack     at ChildProcess.<anonymous> (D:\Program Files\nodejs\node_modules\npm\lib\utils\spawn.js:40:14)
14 verbose stack     at emitTwo (events.js:106:13)
14 verbose stack     at ChildProcess.emit (events.js:191:7)
14 verbose stack     at maybeClose (internal/child_process.js:886:16)
14 verbose stack     at Process.ChildProcess._handle.onexit (internal/child_process.js:226:5)
15 verbose pkgid webpack-demo2@1.0.0
16 verbose cwd D:\front _end_explore\webpack-demo2
17 error Windows_NT 10.0.10586
18 error argv "D:\\Program Files\\nodejs\\node.exe" "D:\\Program Files\\nodejs\\node_modules\\npm\\bin\\npm-cli.js" "run" "build"
19 error node v6.10.1
20 error npm  v3.10.10
21 error code ELIFECYCLE
22 error webpack-demo2@1.0.0 build: `webpack --config webpack.config.js -p`
22 error Exit status 1
23 error Failed at the webpack-demo2@1.0.0 build script 'webpack --config webpack.config.js -p'.
23 error Make sure you have the latest version of node.js and npm installed.
23 error If you do, this is most likely a problem with the webpack-demo2 package,
23 error not with npm itself.
23 error Tell the author that this fails on your system:
23 error     webpack --config webpack.config.js -p
23 error You can get information on how to open an issue for this project with:
23 error     npm bugs webpack-demo2
23 error Or if that isn't available, you can get their info via:
23 error     npm owner ls webpack-demo2
23 error There is likely additional logging output above.
24 verbose exit [ 1, true ]
